<?xml version="1.0" encoding="UTF-8"?>
<diagram xmlns="https://www.eds.org/eds-schemas" xmlns:xsi="http://www.w3.org/2001/XMLSchema-instance" xsi:schemaLocation="https://www.eds.org/eds-schemas">
    <elements>
        <webApplication id="id-f6f156fd-8b25-a10c-3378-a9080a2cb554_id-diagram-0_id-element-0" name="Process 0" outOfScope="false" outOfScopeReason="Out of scope reason 0" runLevel="HIGH_PRIVILEGE" sanitizeInput="false" sanitizeOutput="true" hasForgeryProtection="false" sessionHasTimeouts="true" requiresAuthentication="false" requiresAuthorization="true">
            <exploits>
            </exploits>
            <importExploits>
            </importExploits>
            <assets>
                <asset>
                    <assetId>Session Cookie</assetId>
                    <category>information</category>
                    <securityGoals>
                        <securityGoal>
                            <name>confidentiality</name>
                            <priority>4</priority>
                        </securityGoal>
                        <securityGoal>
                            <name>integrity</name>
                            <priority>4</priority>
                        </securityGoal>
                        <securityGoal>
                            <name>availability</name>
                            <priority>3</priority>
                        </securityGoal>
                    </securityGoals>
                </asset>
                <asset>
                    <assetId>Admin Password</assetId>
                    <category>information</category>
                    <securityGoals>
                        <securityGoal>
                            <name>confidentiality</name>
                            <priority>4</priority>
                        </securityGoal>
                        <securityGoal>
                            <name>integrity</name>
                            <priority>4</priority>
                        </securityGoal>
                        <securityGoal>
                            <name>availability</name>
                            <priority>3</priority>
                        </securityGoal>
                    </securityGoals>
                </asset>
                <asset>
                    <assetId>Personal Information</assetId>
                    <category>information</category>
                    <securityGoals>
                        <securityGoal>
                            <name>confidentiality</name>
                            <priority>4</priority>
                        </securityGoal>
                        <securityGoal>
                            <name>integrity</name>
                            <priority>4</priority>
                        </securityGoal>
                        <securityGoal>
                            <name>availability</name>
                            <priority>3</priority>
                        </securityGoal>
                    </securityGoals>
                </asset>
            </assets>
            <cpeItems>
            </cpeItems>
        </webApplication>
        <webApplication id="id-f6f156fd-8b25-a10c-3378-a9080a2cb554_id-diagram-0_id-element-1" name="Process 1" outOfScope="false" outOfScopeReason="Out of scope reason 1" runLevel="HIGH_PRIVILEGE" sanitizeInput="false" sanitizeOutput="true" hasForgeryProtection="false" sessionHasTimeouts="true" requiresAuthentication="false" requiresAuthorization="true">
            <exploits>
            </exploits>
            <importExploits>
            </importExploits>
            <assets>
            </assets>
            <cpeItems>
            </cpeItems>
        </webApplication>
        <webService id="id-f6f156fd-8b25-a10c-3378-a9080a2cb554_id-diagram-0_id-element-2" name="Process 2" outOfScope="false" outOfScopeReason="Out of scope reason 2" runLevel="HIGH_PRIVILEGE" sanitizeInput="false" sanitizeOutput="true" hasForgeryProtection="false" sessionHasTimeouts="true" requiresAuthentication="false" requiresAuthorization="true">
            <exploits>
            </exploits>
            <importExploits>
            </importExploits>
            <assets>
            </assets>
            <cpeItems>
            </cpeItems>
        </webService>
        <webService id="id-f6f156fd-8b25-a10c-3378-a9080a2cb554_id-diagram-0_id-element-3" name="Process 3" outOfScope="false" outOfScopeReason="Out of scope reason 3" runLevel="HIGH_PRIVILEGE" sanitizeInput="false" sanitizeOutput="true" hasForgeryProtection="false" sessionHasTimeouts="true" requiresAuthentication="false" requiresAuthorization="true">
            <exploits>
            </exploits>
            <importExploits>
            </importExploits>
            <assets>
            </assets>
            <cpeItems>
            </cpeItems>
        </webService>
        <complexProcess>
            <complexElements>
                <webApplication id="id-f6f156fd-8b25-a10c-3378-a9080a2cb554_id-diagram-1_id-element-0" name="Process 5" outOfScope="false" outOfScopeReason="Out of scope reason 0" runLevel="HIGH_PRIVILEGE" sanitizeInput="false" sanitizeOutput="true" hasForgeryProtection="false" sessionHasTimeouts="true" requiresAuthentication="false" requiresAuthorization="true">
                    <exploits>
                    </exploits>
                    <importExploits>
                    </importExploits>
                    <assets>
                    </assets>
                    <cpeItems>
                    </cpeItems>
                </webApplication>
                <webApplication id="id-f6f156fd-8b25-a10c-3378-a9080a2cb554_id-diagram-1_id-element-1" name="Process 6" outOfScope="false" outOfScopeReason="Out of scope reason 1" runLevel="HIGH_PRIVILEGE" sanitizeInput="false" sanitizeOutput="true" hasForgeryProtection="false" sessionHasTimeouts="true" requiresAuthentication="false" requiresAuthorization="true">
                    <exploits>
                    </exploits>
                    <importExploits>
                    </importExploits>
                    <assets>
                    </assets>
                    <cpeItems>
                    </cpeItems>
                </webApplication>
            </complexElements>
            <flows>
                <http id="id-f6f156fd-8b25-a10c-3378-a9080a2cb554_id-diagram-1_id-flow-0" name="Data flow 0" outOfScope="true" outOfScopeReason="Out of scope reason 0" source="id-f6f156fd-8b25-a10c-3378-a9080a2cb554_id-diagram-1_id-element-0" destination="id-f6f156fd-8b25-a10c-3378-a9080a2cb554_id-diagram-1_id-element-1" containsCookies="true" containsXML="false">
                    <exploits>
                    </exploits>
                    <importExploits>
                    </importExploits>
                    <assets>
                    </assets>
                </http>
                <http id="id-f6f156fd-8b25-a10c-3378-a9080a2cb554_id-diagram-1_id-flow-1" name="Data flow 1" outOfScope="true" outOfScopeReason="Out of scope reason 1" source="id-f6f156fd-8b25-a10c-3378-a9080a2cb554_id-diagram-1_id-element-1" destination="id-f6f156fd-8b25-a10c-3378-a9080a2cb554_id-diagram-1_id-element-0" containsCookies="true" containsXML="false">
                    <exploits>
                    </exploits>
                    <importExploits>
                    </importExploits>
                    <assets>
                    </assets>
                </http>
            </flows>
            <boundaries>
            </boundaries>
            <sections>
            </sections>
        </complexProcess>
    </elements>
    <flows>
        <http id="id-f6f156fd-8b25-a10c-3378-a9080a2cb554_id-diagram-0_id-flow-0" name="Data flow 0" outOfScope="true" outOfScopeReason="Out of scope reason 0" source="id-f6f156fd-8b25-a10c-3378-a9080a2cb554_id-diagram-0_id-element-0" destination="id-f6f156fd-8b25-a10c-3378-a9080a2cb554_id-diagram-0_id-element-1" containsCookies="true" containsXML="false">
            <exploits>
            </exploits>
            <importExploits>
            </importExploits>
            <assets>
            </assets>
        </http>
        <http id="id-f6f156fd-8b25-a10c-3378-a9080a2cb554_id-diagram-0_id-flow-1" name="Data flow 1" outOfScope="true" outOfScopeReason="Out of scope reason 1" source="id-f6f156fd-8b25-a10c-3378-a9080a2cb554_id-diagram-0_id-element-1" destination="id-f6f156fd-8b25-a10c-3378-a9080a2cb554_id-diagram-0_id-element-0" containsCookies="true" containsXML="false">
            <exploits>
            </exploits>
            <importExploits>
            </importExploits>
            <assets>
            </assets>
        </http>
        <http id="id-f6f156fd-8b25-a10c-3378-a9080a2cb554_id-diagram-0_id-flow-2" name="Data flow 2" outOfScope="true" outOfScopeReason="Out of scope reason 2" source="id-f6f156fd-8b25-a10c-3378-a9080a2cb554_id-diagram-0_id-element-0" destination="id-f6f156fd-8b25-a10c-3378-a9080a2cb554_id-diagram-0_id-element-2" containsCookies="true" containsXML="false">
            <exploits>
            </exploits>
            <importExploits>
            </importExploits>
            <assets>
            </assets>
        </http>
        <http id="id-f6f156fd-8b25-a10c-3378-a9080a2cb554_id-diagram-0_id-flow-3" name="Data flow 3" outOfScope="true" outOfScopeReason="Out of scope reason 3" source="id-f6f156fd-8b25-a10c-3378-a9080a2cb554_id-diagram-0_id-element-2" destination="id-f6f156fd-8b25-a10c-3378-a9080a2cb554_id-diagram-0_id-element-0" containsCookies="true" containsXML="false">
            <exploits>
            </exploits>
            <importExploits>
            </importExploits>
            <assets>
            </assets>
        </http>
        <http id="id-f6f156fd-8b25-a10c-3378-a9080a2cb554_id-diagram-0_id-flow-4" name="Data flow 4" outOfScope="true" outOfScopeReason="Out of scope reason 4" source="id-f6f156fd-8b25-a10c-3378-a9080a2cb554_id-diagram-0_id-element-2" destination="id-f6f156fd-8b25-a10c-3378-a9080a2cb554_id-diagram-0_id-element-3" containsCookies="true" containsXML="false">
            <exploits>
            </exploits>
            <importExploits>
            </importExploits>
            <assets>
            </assets>
        </http>
        <http id="id-f6f156fd-8b25-a10c-3378-a9080a2cb554_id-diagram-0_id-flow-5" name="Data flow 5" outOfScope="true" outOfScopeReason="Out of scope reason 5" source="id-f6f156fd-8b25-a10c-3378-a9080a2cb554_id-diagram-0_id-element-3" destination="id-f6f156fd-8b25-a10c-3378-a9080a2cb554_id-diagram-0_id-element-2" containsCookies="true" containsXML="false">
            <exploits>
            </exploits>
            <importExploits>
            </importExploits>
            <assets>
            </assets>
        </http>
        <http id="id-f6f156fd-8b25-a10c-3378-a9080a2cb554_id-diagram-0_id-flow-6" name="Data flow 6" outOfScope="true" outOfScopeReason="Out of scope reason 6" source="id-f6f156fd-8b25-a10c-3378-a9080a2cb554_id-diagram-0_id-element-3" destination="id-f6f156fd-8b25-a10c-3378-a9080a2cb554_id-diagram-0_id-element-1" containsCookies="true" containsXML="false">
            <exploits>
            </exploits>
            <importExploits>
            </importExploits>
            <assets>
            </assets>
        </http>
        <http id="id-f6f156fd-8b25-a10c-3378-a9080a2cb554_id-diagram-0_id-flow-7" name="Data flow 7" outOfScope="true" outOfScopeReason="Out of scope reason 7" source="id-f6f156fd-8b25-a10c-3378-a9080a2cb554_id-diagram-0_id-element-1" destination="id-f6f156fd-8b25-a10c-3378-a9080a2cb554_id-diagram-0_id-element-3" containsCookies="true" containsXML="false">
            <exploits>
            </exploits>
            <importExploits>
            </importExploits>
            <assets>
            </assets>
        </http>
    </flows>
    <boundaries>
    </boundaries>
    <sections>
    </sections>
</diagram>